This is pdfTeX, Version 3.141592653-2.6-1.40.25 (TeX Live 2023) (preloaded format=pdflatex 2023.11.24)  25 NOV 2023 17:59
entering extended mode
 restricted \write18 enabled.
 %&-line parsing enabled.
**project.tex
(./project.tex
LaTeX2e <2023-11-01>
L3 programming layer <2023-11-09>
(/Users/ahmadshahzad/Library/TinyTeX/texmf-dist/tex/latex/base/article.cls
Document Class: article 2023/05/17 v1.4n Standard LaTeX document class
(/Users/ahmadshahzad/Library/TinyTeX/texmf-dist/tex/latex/base/size10.clo
File: size10.clo 2023/05/17 v1.4n Standard LaTeX file (size option)
)
\c@part=\count186
\c@section=\count187
\c@subsection=\count188
\c@subsubsection=\count189
\c@paragraph=\count190
\c@subparagraph=\count191
\c@figure=\count192
\c@table=\count193
\abovecaptionskip=\skip48
\belowcaptionskip=\skip49
\bibindent=\dimen140
) (/Users/ahmadshahzad/Library/TinyTeX/texmf-dist/tex/latex/amsmath/amsmath.sty
Package: amsmath 2023/05/13 v2.17o AMS math features
\@mathmargin=\skip50
For additional information on amsmath, use the `?' option.
(/Users/ahmadshahzad/Library/TinyTeX/texmf-dist/tex/latex/amsmath/amstext.sty
Package: amstext 2021/08/26 v2.01 AMS text
(/Users/ahmadshahzad/Library/TinyTeX/texmf-dist/tex/latex/amsmath/amsgen.sty
File: amsgen.sty 1999/11/30 v2.0 generic functions
\@emptytoks=\toks17
\ex@=\dimen141
)) (/Users/ahmadshahzad/Library/TinyTeX/texmf-dist/tex/latex/amsmath/amsbsy.sty
Package: amsbsy 1999/11/29 v1.2d Bold Symbols
\pmbraise@=\dimen142
) (/Users/ahmadshahzad/Library/TinyTeX/texmf-dist/tex/latex/amsmath/amsopn.sty
Package: amsopn 2022/04/08 v2.04 operator names
)
\inf@bad=\count194
LaTeX Info: Redefining \frac on input line 234.
\uproot@=\count195
\leftroot@=\count196
LaTeX Info: Redefining \overline on input line 399.
LaTeX Info: Redefining \colon on input line 410.
\classnum@=\count197
\DOTSCASE@=\count198
LaTeX Info: Redefining \ldots on input line 496.
LaTeX Info: Redefining \dots on input line 499.
LaTeX Info: Redefining \cdots on input line 620.
\Mathstrutbox@=\box51
\strutbox@=\box52
LaTeX Info: Redefining \big on input line 722.
LaTeX Info: Redefining \Big on input line 723.
LaTeX Info: Redefining \bigg on input line 724.
LaTeX Info: Redefining \Bigg on input line 725.
\big@size=\dimen143
LaTeX Font Info:    Redeclaring font encoding OML on input line 743.
LaTeX Font Info:    Redeclaring font encoding OMS on input line 744.
\macc@depth=\count199
LaTeX Info: Redefining \bmod on input line 905.
LaTeX Info: Redefining \pmod on input line 910.
LaTeX Info: Redefining \smash on input line 940.
LaTeX Info: Redefining \relbar on input line 970.
LaTeX Info: Redefining \Relbar on input line 971.
\c@MaxMatrixCols=\count266
\dotsspace@=\muskip16
\c@parentequation=\count267
\dspbrk@lvl=\count268
\tag@help=\toks18
\row@=\count269
\column@=\count270
\maxfields@=\count271
\andhelp@=\toks19
\eqnshift@=\dimen144
\alignsep@=\dimen145
\tagshift@=\dimen146
\tagwidth@=\dimen147
\totwidth@=\dimen148
\lineht@=\dimen149
\@envbody=\toks20
\multlinegap=\skip51
\multlinetaggap=\skip52
\mathdisplay@stack=\toks21
LaTeX Info: Redefining \[ on input line 2953.
LaTeX Info: Redefining \] on input line 2954.
) (/Users/ahmadshahzad/Library/TinyTeX/texmf-dist/tex/latex/amsfonts/amssymb.sty
Package: amssymb 2013/01/14 v3.01 AMS font symbols
(/Users/ahmadshahzad/Library/TinyTeX/texmf-dist/tex/latex/amsfonts/amsfonts.sty
Package: amsfonts 2013/01/14 v3.01 Basic AMSFonts support
\symAMSa=\mathgroup4
\symAMSb=\mathgroup5
LaTeX Font Info:    Redeclaring math symbol \hbar on input line 98.
LaTeX Font Info:    Overwriting math alphabet `\mathfrak' in version `bold'
(Font)                  U/euf/m/n --> U/euf/b/n on input line 106.
)) (/Users/ahmadshahzad/Library/TinyTeX/texmf-dist/tex/generic/iftex/iftex.sty
Package: iftex 2022/02/03 v1.0f TeX engine tests
) (/Users/ahmadshahzad/Library/TinyTeX/texmf-dist/tex/latex/base/fontenc.sty
Package: fontenc 2021/04/29 v2.0v Standard LaTeX package
) (/Users/ahmadshahzad/Library/TinyTeX/texmf-dist/tex/latex/base/inputenc.sty
Package: inputenc 2021/02/14 v1.3d Input encoding file
\inpenc@prehook=\toks22
\inpenc@posthook=\toks23
) (/Users/ahmadshahzad/Library/TinyTeX/texmf-dist/tex/latex/base/textcomp.sty
Package: textcomp 2020/02/02 v2.0n Standard LaTeX package
) (/Users/ahmadshahzad/Library/TinyTeX/texmf-dist/tex/latex/lm/lmodern.sty
Package: lmodern 2015/05/01 v1.6.1 Latin Modern Fonts
LaTeX Font Info:    Overwriting symbol font `operators' in version `normal'
(Font)                  OT1/cmr/m/n --> OT1/lmr/m/n on input line 22.
LaTeX Font Info:    Overwriting symbol font `letters' in version `normal'
(Font)                  OML/cmm/m/it --> OML/lmm/m/it on input line 23.
LaTeX Font Info:    Overwriting symbol font `symbols' in version `normal'
(Font)                  OMS/cmsy/m/n --> OMS/lmsy/m/n on input line 24.
LaTeX Font Info:    Overwriting symbol font `largesymbols' in version `normal'
(Font)                  OMX/cmex/m/n --> OMX/lmex/m/n on input line 25.
LaTeX Font Info:    Overwriting symbol font `operators' in version `bold'
(Font)                  OT1/cmr/bx/n --> OT1/lmr/bx/n on input line 26.
LaTeX Font Info:    Overwriting symbol font `letters' in version `bold'
(Font)                  OML/cmm/b/it --> OML/lmm/b/it on input line 27.
LaTeX Font Info:    Overwriting symbol font `symbols' in version `bold'
(Font)                  OMS/cmsy/b/n --> OMS/lmsy/b/n on input line 28.
LaTeX Font Info:    Overwriting symbol font `largesymbols' in version `bold'
(Font)                  OMX/cmex/m/n --> OMX/lmex/m/n on input line 29.
LaTeX Font Info:    Overwriting math alphabet `\mathbf' in version `normal'
(Font)                  OT1/cmr/bx/n --> OT1/lmr/bx/n on input line 31.
LaTeX Font Info:    Overwriting math alphabet `\mathsf' in version `normal'
(Font)                  OT1/cmss/m/n --> OT1/lmss/m/n on input line 32.
LaTeX Font Info:    Overwriting math alphabet `\mathit' in version `normal'
(Font)                  OT1/cmr/m/it --> OT1/lmr/m/it on input line 33.
LaTeX Font Info:    Overwriting math alphabet `\mathtt' in version `normal'
(Font)                  OT1/cmtt/m/n --> OT1/lmtt/m/n on input line 34.
LaTeX Font Info:    Overwriting math alphabet `\mathbf' in version `bold'
(Font)                  OT1/cmr/bx/n --> OT1/lmr/bx/n on input line 35.
LaTeX Font Info:    Overwriting math alphabet `\mathsf' in version `bold'
(Font)                  OT1/cmss/bx/n --> OT1/lmss/bx/n on input line 36.
LaTeX Font Info:    Overwriting math alphabet `\mathit' in version `bold'
(Font)                  OT1/cmr/bx/it --> OT1/lmr/bx/it on input line 37.
LaTeX Font Info:    Overwriting math alphabet `\mathtt' in version `bold'
(Font)                  OT1/cmtt/m/n --> OT1/lmtt/m/n on input line 38.
) (/Users/ahmadshahzad/Library/TinyTeX/texmf-dist/tex/latex/xcolor/xcolor.sty
Package: xcolor 2023/11/15 v3.01 LaTeX color extensions (UK)
(/Users/ahmadshahzad/Library/TinyTeX/texmf-dist/tex/latex/graphics-cfg/color.cfg
File: color.cfg 2016/01/02 v1.6 sample color configuration
)
Package xcolor Info: Driver file: pdftex.def on input line 274.
(/Users/ahmadshahzad/Library/TinyTeX/texmf-dist/tex/latex/graphics-def/pdftex.def
File: pdftex.def 2022/09/22 v1.2b Graphics/color driver for pdftex
) (/Users/ahmadshahzad/Library/TinyTeX/texmf-dist/tex/latex/graphics/mathcolor.ltx)
Package xcolor Info: Model `cmy' substituted by `cmy0' on input line 1350.
Package xcolor Info: Model `hsb' substituted by `rgb' on input line 1354.
Package xcolor Info: Model `RGB' extended on input line 1366.
Package xcolor Info: Model `HTML' substituted by `rgb' on input line 1368.
Package xcolor Info: Model `Hsb' substituted by `hsb' on input line 1369.
Package xcolor Info: Model `tHsb' substituted by `hsb' on input line 1370.
Package xcolor Info: Model `HSB' substituted by `hsb' on input line 1371.
Package xcolor Info: Model `Gray' substituted by `gray' on input line 1372.
Package xcolor Info: Model `wave' substituted by `hsb' on input line 1373.
) (/Users/ahmadshahzad/Library/TinyTeX/texmf-dist/tex/latex/geometry/geometry.sty
Package: geometry 2020/01/02 v5.9 Page Geometry
(/Users/ahmadshahzad/Library/TinyTeX/texmf-dist/tex/latex/graphics/keyval.sty
Package: keyval 2022/05/29 v1.15 key=value parser (DPC)
\KV@toks@=\toks24
) (/Users/ahmadshahzad/Library/TinyTeX/texmf-dist/tex/generic/iftex/ifvtex.sty
Package: ifvtex 2019/10/25 v1.7 ifvtex legacy package. Use iftex instead.
)
\Gm@cnth=\count272
\Gm@cntv=\count273
\c@Gm@tempcnt=\count274
\Gm@bindingoffset=\dimen150
\Gm@wd@mp=\dimen151
\Gm@odd@mp=\dimen152
\Gm@even@mp=\dimen153
\Gm@layoutwidth=\dimen154
\Gm@layoutheight=\dimen155
\Gm@layouthoffset=\dimen156
\Gm@layoutvoffset=\dimen157
\Gm@dimlist=\toks25
) (/Users/ahmadshahzad/Library/TinyTeX/texmf-dist/tex/latex/fancyvrb/fancyvrb.sty
Package: fancyvrb 2023/11/06 4.5b verbatim text (tvz,hv)
\FV@CodeLineNo=\count275
\FV@InFile=\read2
\FV@TabBox=\box53
\c@FancyVerbLine=\count276
\FV@StepNumber=\count277
\FV@OutFile=\write3
) (/Users/ahmadshahzad/Library/TinyTeX/texmf-dist/tex/latex/framed/framed.sty
Package: framed 2011/10/22 v 0.96: framed or shaded text with page breaks
\OuterFrameSep=\skip53
\fb@frw=\dimen158
\fb@frh=\dimen159
\FrameRule=\dimen160
\FrameSep=\dimen161
) (/Users/ahmadshahzad/Library/TinyTeX/texmf-dist/tex/latex/tools/longtable.sty
Package: longtable 2023-11-01 v4.19 Multi-page Table package (DPC)
\LTleft=\skip54
\LTright=\skip55
\LTpre=\skip56
\LTpost=\skip57
\LTchunksize=\count278
\LTcapwidth=\dimen162
\LT@head=\box54
\LT@firsthead=\box55
\LT@foot=\box56
\LT@lastfoot=\box57
\LT@gbox=\box58
\LT@cols=\count279
\LT@rows=\count280
\c@LT@tables=\count281
\c@LT@chunks=\count282
\LT@p@ftn=\toks26
) (/Users/ahmadshahzad/Library/TinyTeX/texmf-dist/tex/latex/booktabs/booktabs.sty
Package: booktabs 2020/01/12 v1.61803398 Publication quality tables
\heavyrulewidth=\dimen163
\lightrulewidth=\dimen164
\cmidrulewidth=\dimen165
\belowrulesep=\dimen166
\belowbottomsep=\dimen167
\aboverulesep=\dimen168
\abovetopsep=\dimen169
\cmidrulesep=\dimen170
\cmidrulekern=\dimen171
\defaultaddspace=\dimen172
\@cmidla=\count283
\@cmidlb=\count284
\@aboverulesep=\dimen173
\@belowrulesep=\dimen174
\@thisruleclass=\count285
\@lastruleclass=\count286
\@thisrulewidth=\dimen175
) (/Users/ahmadshahzad/Library/TinyTeX/texmf-dist/tex/latex/tools/array.sty
Package: array 2023/10/16 v2.5g Tabular extension package (FMi)
\col@sep=\dimen176
\ar@mcellbox=\box59
\extrarowheight=\dimen177
\NC@list=\toks27
\extratabsurround=\skip58
\backup@length=\skip59
\ar@cellbox=\box60
) (/Users/ahmadshahzad/Library/TinyTeX/texmf-dist/tex/latex/tools/calc.sty
Package: calc 2023/07/08 v4.3 Infix arithmetic (KKT,FJ)
\calc@Acount=\count287
\calc@Bcount=\count288
\calc@Adimen=\dimen178
\calc@Bdimen=\dimen179
\calc@Askip=\skip60
\calc@Bskip=\skip61
LaTeX Info: Redefining \setlength on input line 80.
LaTeX Info: Redefining \addtolength on input line 81.
\calc@Ccount=\count289
\calc@Cskip=\skip62
) (/Users/ahmadshahzad/Library/TinyTeX/texmf-dist/tex/latex/etoolbox/etoolbox.sty
Package: etoolbox 2020/10/05 v2.5k e-TeX tools for LaTeX (JAW)
\etb@tempcnta=\count290
) (/Users/ahmadshahzad/Library/TinyTeX/texmf-dist/tex/latex/mdwtools/footnote.sty
Package: footnote 1997/01/28 1.13 Save footnotes around boxes
\fn@notes=\box61
\fn@width=\dimen180
) (/Users/ahmadshahzad/Library/TinyTeX/texmf-dist/tex/latex/graphics/graphicx.sty
Package: graphicx 2021/09/16 v1.2d Enhanced LaTeX Graphics (DPC,SPQR)
(/Users/ahmadshahzad/Library/TinyTeX/texmf-dist/tex/latex/graphics/graphics.sty
Package: graphics 2022/03/10 v1.4e Standard LaTeX Graphics (DPC,SPQR)
(/Users/ahmadshahzad/Library/TinyTeX/texmf-dist/tex/latex/graphics/trig.sty
Package: trig 2021/08/11 v1.11 sin cos tan (DPC)
) (/Users/ahmadshahzad/Library/TinyTeX/texmf-dist/tex/latex/graphics-cfg/graphics.cfg
File: graphics.cfg 2016/06/04 v1.11 sample graphics configuration
)
Package graphics Info: Driver file: pdftex.def on input line 107.
)
\Gin@req@height=\dimen181
\Gin@req@width=\dimen182
) (/Users/ahmadshahzad/Library/TinyTeX/texmf-dist/tex/latex/hyperref/hyperref.sty
Package: hyperref 2023-11-09 v7.01f Hypertext links for LaTeX
(/Users/ahmadshahzad/Library/TinyTeX/texmf-dist/tex/generic/ltxcmds/ltxcmds.sty
Package: ltxcmds 2020-05-10 v1.25 LaTeX kernel commands for general use (HO)
) (/Users/ahmadshahzad/Library/TinyTeX/texmf-dist/tex/generic/pdftexcmds/pdftexcmds.sty
Package: pdftexcmds 2020-06-27 v0.33 Utility functions of pdfTeX for LuaTeX (HO)
(/Users/ahmadshahzad/Library/TinyTeX/texmf-dist/tex/generic/infwarerr/infwarerr.sty
Package: infwarerr 2019/12/03 v1.5 Providing info/warning/error messages (HO)
)
Package pdftexcmds Info: \pdf@primitive is available.
Package pdftexcmds Info: \pdf@ifprimitive is available.
Package pdftexcmds Info: \pdfdraftmode found.
) (/Users/ahmadshahzad/Library/TinyTeX/texmf-dist/tex/latex/kvsetkeys/kvsetkeys.sty
Package: kvsetkeys 2022-10-05 v1.19 Key value parser (HO)
) (/Users/ahmadshahzad/Library/TinyTeX/texmf-dist/tex/generic/kvdefinekeys/kvdefinekeys.sty
Package: kvdefinekeys 2019-12-19 v1.6 Define keys (HO)
) (/Users/ahmadshahzad/Library/TinyTeX/texmf-dist/tex/generic/pdfescape/pdfescape.sty
Package: pdfescape 2019/12/09 v1.15 Implements pdfTeX's escape features (HO)
) (/Users/ahmadshahzad/Library/TinyTeX/texmf-dist/tex/latex/hycolor/hycolor.sty
Package: hycolor 2020-01-27 v1.10 Color options for hyperref/bookmark (HO)
) (/Users/ahmadshahzad/Library/TinyTeX/texmf-dist/tex/latex/letltxmacro/letltxmacro.sty
Package: letltxmacro 2019/12/03 v1.6 Let assignment for LaTeX macros (HO)
) (/Users/ahmadshahzad/Library/TinyTeX/texmf-dist/tex/latex/auxhook/auxhook.sty
Package: auxhook 2019-12-17 v1.6 Hooks for auxiliary files (HO)
) (/Users/ahmadshahzad/Library/TinyTeX/texmf-dist/tex/latex/hyperref/nameref.sty
Package: nameref 2023-11-09 v2.55 Cross-referencing by name of section
(/Users/ahmadshahzad/Library/TinyTeX/texmf-dist/tex/latex/refcount/refcount.sty
Package: refcount 2019/12/15 v3.6 Data extraction from label references (HO)
) (/Users/ahmadshahzad/Library/TinyTeX/texmf-dist/tex/generic/gettitlestring/gettitlestring.sty
Package: gettitlestring 2019/12/15 v1.6 Cleanup title references (HO)
(/Users/ahmadshahzad/Library/TinyTeX/texmf-dist/tex/latex/kvoptions/kvoptions.sty
Package: kvoptions 2022-06-15 v3.15 Key value format for package options (HO)
))
\c@section@level=\count291
)
\@linkdim=\dimen183
\Hy@linkcounter=\count292
\Hy@pagecounter=\count293
(/Users/ahmadshahzad/Library/TinyTeX/texmf-dist/tex/latex/hyperref/pd1enc.def
File: pd1enc.def 2023-11-09 v7.01f Hyperref: PDFDocEncoding definition (HO)
Now handling font encoding PD1 ...
... no UTF-8 mapping file for font encoding PD1
) (/Users/ahmadshahzad/Library/TinyTeX/texmf-dist/tex/generic/intcalc/intcalc.sty
Package: intcalc 2019/12/15 v1.3 Expandable calculations with integers (HO)
)
\Hy@SavedSpaceFactor=\count294
(/Users/ahmadshahzad/Library/TinyTeX/texmf-dist/tex/latex/hyperref/puenc.def
File: puenc.def 2023-11-09 v7.01f Hyperref: PDF Unicode definition (HO)
Now handling font encoding PU ...
... no UTF-8 mapping file for font encoding PU
)
Package hyperref Info: Option `unicode' set `true' on input line 4054.
Package hyperref Info: Hyper figures OFF on input line 4171.
Package hyperref Info: Link nesting OFF on input line 4176.
Package hyperref Info: Hyper index ON on input line 4179.
Package hyperref Info: Plain pages OFF on input line 4186.
Package hyperref Info: Backreferencing OFF on input line 4191.
Package hyperref Info: Implicit mode ON; LaTeX internals redefined.
Package hyperref Info: Bookmarks ON on input line 4438.
\c@Hy@tempcnt=\count295
(/Users/ahmadshahzad/Library/TinyTeX/texmf-dist/tex/latex/url/url.sty
\Urlmuskip=\muskip17
Package: url 2013/09/16  ver 3.4  Verb mode for urls, etc.
)
LaTeX Info: Redefining \url on input line 4776.
\XeTeXLinkMargin=\dimen184
(/Users/ahmadshahzad/Library/TinyTeX/texmf-dist/tex/generic/bitset/bitset.sty
Package: bitset 2019/12/09 v1.3 Handle bit-vector datatype (HO)
(/Users/ahmadshahzad/Library/TinyTeX/texmf-dist/tex/generic/bigintcalc/bigintcalc.sty
Package: bigintcalc 2019/12/15 v1.5 Expandable calculations on big integers (HO)
))
\Fld@menulength=\count296
\Field@Width=\dimen185
\Fld@charsize=\dimen186
Package hyperref Info: Hyper figures OFF on input line 6055.
Package hyperref Info: Link nesting OFF on input line 6060.
Package hyperref Info: Hyper index ON on input line 6063.
Package hyperref Info: backreferencing OFF on input line 6070.
Package hyperref Info: Link coloring OFF on input line 6075.
Package hyperref Info: Link coloring with OCG OFF on input line 6080.
Package hyperref Info: PDF/A mode OFF on input line 6085.
(/Users/ahmadshahzad/Library/TinyTeX/texmf-dist/tex/latex/base/atbegshi-ltx.sty
Package: atbegshi-ltx 2021/01/10 v1.0c Emulation of the original atbegshi
package with kernel methods
)
\Hy@abspage=\count297
\c@Item=\count298
\c@Hfootnote=\count299
)
Package hyperref Info: Driver (autodetected): hpdftex.
(/Users/ahmadshahzad/Library/TinyTeX/texmf-dist/tex/latex/hyperref/hpdftex.def
File: hpdftex.def 2023-11-09 v7.01f Hyperref driver for pdfTeX
(/Users/ahmadshahzad/Library/TinyTeX/texmf-dist/tex/latex/base/atveryend-ltx.sty
Package: atveryend-ltx 2020/08/19 v1.0a Emulation of the original atveryend package
with kernel methods
)
\Fld@listcount=\count300
\c@bookmark@seq@number=\count301
(/Users/ahmadshahzad/Library/TinyTeX/texmf-dist/tex/latex/rerunfilecheck/rerunfilecheck.sty
Package: rerunfilecheck 2022-07-10 v1.10 Rerun checks for auxiliary files (HO)
(/Users/ahmadshahzad/Library/TinyTeX/texmf-dist/tex/generic/uniquecounter/uniquecounter.sty
Package: uniquecounter 2019/12/15 v1.4 Provide unlimited unique counter (HO)
)
Package uniquecounter Info: New unique counter `rerunfilecheck' on input line 285.
)
\Hy@SectionHShift=\skip63
)
LaTeX Font Info:    Trying to load font information for T1+lmr on input line 123.
(/Users/ahmadshahzad/Library/TinyTeX/texmf-dist/tex/latex/lm/t1lmr.fd
File: t1lmr.fd 2015/05/01 v1.6.1 Font defs for Latin Modern
) (/Users/ahmadshahzad/Library/TinyTeX/texmf-dist/tex/latex/l3backend/l3backend-pdftex.def
File: l3backend-pdftex.def 2023-11-09 L3 backend support: PDF output (pdfTeX)
\l__color_backend_stack_int=\count302
\l__pdf_internal_box=\box62
)
No file project.aux.
\openout1 = `project.aux'.

LaTeX Font Info:    Checking defaults for OML/cmm/m/it on input line 123.
LaTeX Font Info:    ... okay on input line 123.
LaTeX Font Info:    Checking defaults for OMS/cmsy/m/n on input line 123.
LaTeX Font Info:    ... okay on input line 123.
LaTeX Font Info:    Checking defaults for OT1/cmr/m/n on input line 123.
LaTeX Font Info:    ... okay on input line 123.
LaTeX Font Info:    Checking defaults for T1/cmr/m/n on input line 123.
LaTeX Font Info:    ... okay on input line 123.
LaTeX Font Info:    Checking defaults for TS1/cmr/m/n on input line 123.
LaTeX Font Info:    ... okay on input line 123.
LaTeX Font Info:    Checking defaults for OMX/cmex/m/n on input line 123.
LaTeX Font Info:    ... okay on input line 123.
LaTeX Font Info:    Checking defaults for U/cmr/m/n on input line 123.
LaTeX Font Info:    ... okay on input line 123.
LaTeX Font Info:    Checking defaults for PD1/pdf/m/n on input line 123.
LaTeX Font Info:    ... okay on input line 123.
LaTeX Font Info:    Checking defaults for PU/pdf/m/n on input line 123.
LaTeX Font Info:    ... okay on input line 123.
(/Users/ahmadshahzad/Library/TinyTeX/texmf-dist/tex/latex/epstopdf-pkg/epstopdf-base.sty
Package: epstopdf-base 2020-01-24 v2.11 Base part for package epstopdf
Package epstopdf-base Info: Redefining graphics rule for `.eps' on input line 485.
(/Users/ahmadshahzad/Library/TinyTeX/texmf-dist/tex/latex/latexconfig/epstopdf-sys.cfg
File: epstopdf-sys.cfg 2010/07/13 v1.3 Configuration of (r)epstopdf for TeX Live
))
*geometry* driver: auto-detecting
*geometry* detected driver: pdftex
*geometry* verbose mode - [ preamble ] result:
* driver: pdftex
* paper: <default>
* layout: <same size as paper>
* layoutoffset:(h,v)=(0.0pt,0.0pt)
* modes: 
* h-part:(L,W,R)=(72.26999pt, 469.75502pt, 72.26999pt)
* v-part:(T,H,B)=(72.26999pt, 650.43001pt, 72.26999pt)
* \paperwidth=614.295pt
* \paperheight=794.96999pt
* \textwidth=469.75502pt
* \textheight=650.43001pt
* \oddsidemargin=0.0pt
* \evensidemargin=0.0pt
* \topmargin=-37.0pt
* \headheight=12.0pt
* \headsep=25.0pt
* \topskip=10.0pt
* \footskip=30.0pt
* \marginparwidth=65.0pt
* \marginparsep=11.0pt
* \columnsep=10.0pt
* \skip\footins=9.0pt plus 4.0pt minus 2.0pt
* \hoffset=0.0pt
* \voffset=0.0pt
* \mag=1000
* \@twocolumnfalse
* \@twosidefalse
* \@mparswitchfalse
* \@reversemarginfalse
* (1in=72.27pt=25.4mm, 1cm=28.453pt)

Package hyperref Info: Link coloring OFF on input line 123.
\@outlinefile=\write4
\openout4 = `project.out'.

LaTeX Font Info:    Trying to load font information for OT1+lmr on input line 125.
(/Users/ahmadshahzad/Library/TinyTeX/texmf-dist/tex/latex/lm/ot1lmr.fd
File: ot1lmr.fd 2015/05/01 v1.6.1 Font defs for Latin Modern
)
LaTeX Font Info:    Trying to load font information for OML+lmm on input line 125.
(/Users/ahmadshahzad/Library/TinyTeX/texmf-dist/tex/latex/lm/omllmm.fd
File: omllmm.fd 2015/05/01 v1.6.1 Font defs for Latin Modern
)
LaTeX Font Info:    Trying to load font information for OMS+lmsy on input line 125.
(/Users/ahmadshahzad/Library/TinyTeX/texmf-dist/tex/latex/lm/omslmsy.fd
File: omslmsy.fd 2015/05/01 v1.6.1 Font defs for Latin Modern
)
LaTeX Font Info:    Trying to load font information for OMX+lmex on input line 125.
(/Users/ahmadshahzad/Library/TinyTeX/texmf-dist/tex/latex/lm/omxlmex.fd
File: omxlmex.fd 2015/05/01 v1.6.1 Font defs for Latin Modern
)
LaTeX Font Info:    External font `lmex10' loaded for size
(Font)              <12> on input line 125.
LaTeX Font Info:    External font `lmex10' loaded for size
(Font)              <8> on input line 125.
LaTeX Font Info:    External font `lmex10' loaded for size
(Font)              <6> on input line 125.
LaTeX Font Info:    Trying to load font information for U+msa on input line 125.
(/Users/ahmadshahzad/Library/TinyTeX/texmf-dist/tex/latex/amsfonts/umsa.fd
File: umsa.fd 2013/01/14 v3.01 AMS symbols A
)
LaTeX Font Info:    Trying to load font information for U+msb on input line 125.
(/Users/ahmadshahzad/Library/TinyTeX/texmf-dist/tex/latex/amsfonts/umsb.fd
File: umsb.fd 2013/01/14 v3.01 AMS symbols B
)
LaTeX Font Info:    Trying to load font information for T1+lmtt on input line 127.
(/Users/ahmadshahzad/Library/TinyTeX/texmf-dist/tex/latex/lm/t1lmtt.fd
File: t1lmtt.fd 2015/05/01 v1.6.1 Font defs for Latin Modern
)
LaTeX Font Info:    Font shape `T1/lmtt/bx/n' in size <10> not available
(Font)              Font shape `T1/lmtt/b/n' tried instead on input line 128.

Overfull \hbox (12.77644pt too wide) in paragraph at lines 193--194
 []\T1/lmr/m/n/10 instant
 []


Overfull \hbox (5.30878pt too wide) in paragraph at lines 195--196
[]\T1/lmr/m/n/10 dteday  
 []


Overfull \hbox (12.53377pt too wide) in paragraph at lines 197--198
 []\T1/lmr/m/n/10 season
 []


Overfull \hbox (2.61575pt too wide) in paragraph at lines 199--200
 []\T1/lmr/m/n/10 yr
 []


Overfull \hbox (12.07268pt too wide) in paragraph at lines 201--202
 []\T1/lmr/m/n/10 mnth
 []


Overfull \hbox (14.10968pt too wide) in paragraph at lines 203--204
 []\T1/lmr/m/n/10 holiday
 []


Overfull \hbox (19.10988pt too wide) in paragraph at lines 205--206
 []\T1/lmr/m/n/10 weekday
 []


Overfull \hbox (25.89189pt too wide) in paragraph at lines 207--208
 []\T1/lmr/m/n/10 workingday
 []


Overfull \hbox (20.66972pt too wide) in paragraph at lines 209--210
 []\T1/lmr/m/n/10 weathersit
 []


Overfull \hbox (2.45876pt too wide) in paragraph at lines 211--212
 []\T1/lmr/m/n/10 temp
 []


Overfull \hbox (7.45876pt too wide) in paragraph at lines 213--214
 []\T1/lmr/m/n/10 atemp
 []


Overfull \hbox (23.36797pt too wide) in paragraph at lines 217--218
 []\T1/lmr/m/n/10 windspeed
 []


Overfull \hbox (11.36703pt too wide) in paragraph at lines 219--220
 []\T1/lmr/m/n/10 casual
 []


Overfull \hbox (18.19768pt too wide) in paragraph at lines 221--222
 []\T1/lmr/m/n/10 registered
 []


Overfull \hbox (2.6287pt too wide) in paragraph at lines 223--224
 []\T1/lmr/m/n/10 cnt
 []


Overfull \hbox (18.01451pt too wide) in paragraph at lines 229--229
 []|\T1/lmr/m/n/10 0.344167|
 []


Overfull \hbox (18.01451pt too wide) in paragraph at lines 229--229
 []|\T1/lmr/m/n/10 0.363625|
 []


Overfull \hbox (18.01451pt too wide) in paragraph at lines 230--230
 []|\T1/lmr/m/n/10 0.805833|
 []


Overfull \hbox (20.8127pt too wide) in paragraph at lines 230--230
 []|\T1/lmr/m/n/10 0.1604460|
 []


Overfull \hbox (4.01747pt too wide) in paragraph at lines 230--231
 []|\T1/lmr/m/n/10 985|
 []


Overfull \hbox (18.01451pt too wide) in paragraph at lines 231--231
 []|\T1/lmr/m/n/10 0.363478|
 []


Overfull \hbox (18.01451pt too wide) in paragraph at lines 231--231
 []|\T1/lmr/m/n/10 0.353739|
 []


Overfull \hbox (18.01451pt too wide) in paragraph at lines 232--232
 []|\T1/lmr/m/n/10 0.696087|
 []


Overfull \hbox (20.8127pt too wide) in paragraph at lines 232--232
 []|\T1/lmr/m/n/10 0.2485390|
 []


Overfull \hbox (4.01747pt too wide) in paragraph at lines 232--233
 []|\T1/lmr/m/n/10 801|
 []


Overfull \hbox (18.01451pt too wide) in paragraph at lines 233--233
 []|\T1/lmr/m/n/10 0.196364|
 []


Overfull \hbox (18.01451pt too wide) in paragraph at lines 233--233
 []|\T1/lmr/m/n/10 0.189405|
 []


Overfull \hbox (18.01451pt too wide) in paragraph at lines 234--234
 []|\T1/lmr/m/n/10 0.437273|
 []


Overfull \hbox (20.8127pt too wide) in paragraph at lines 234--234
 []|\T1/lmr/m/n/10 0.2483090|
 []


Overfull \hbox (9.01747pt too wide) in paragraph at lines 234--235
 []|\T1/lmr/m/n/10 1349|
 []


Overfull \hbox (18.01451pt too wide) in paragraph at lines 235--235
 []|\T1/lmr/m/n/10 0.200000|
 []


Overfull \hbox (18.01451pt too wide) in paragraph at lines 235--235
 []|\T1/lmr/m/n/10 0.212122|
 []


Overfull \hbox (18.01451pt too wide) in paragraph at lines 236--236
 []|\T1/lmr/m/n/10 0.590435|
 []


Overfull \hbox (20.8127pt too wide) in paragraph at lines 236--236
 []|\T1/lmr/m/n/10 0.1602960|
 []


Overfull \hbox (9.01747pt too wide) in paragraph at lines 236--237
 []|\T1/lmr/m/n/10 1562|
 []


Overfull \hbox (18.01451pt too wide) in paragraph at lines 237--237
 []|\T1/lmr/m/n/10 0.226957|
 []


Overfull \hbox (18.01451pt too wide) in paragraph at lines 237--237
 []|\T1/lmr/m/n/10 0.229270|
 []


Overfull \hbox (18.01451pt too wide) in paragraph at lines 238--238
 []|\T1/lmr/m/n/10 0.436957|
 []


Overfull \hbox (20.8127pt too wide) in paragraph at lines 238--238
 []|\T1/lmr/m/n/10 0.1869000|
 []


Overfull \hbox (9.01747pt too wide) in paragraph at lines 238--239
 []|\T1/lmr/m/n/10 1600|
 []


Overfull \hbox (18.01451pt too wide) in paragraph at lines 239--239
 []|\T1/lmr/m/n/10 0.204348|
 []


Overfull \hbox (18.01451pt too wide) in paragraph at lines 239--239
 []|\T1/lmr/m/n/10 0.233209|
 []


Overfull \hbox (18.01451pt too wide) in paragraph at lines 240--240
 []|\T1/lmr/m/n/10 0.518261|
 []


Overfull \hbox (20.8127pt too wide) in paragraph at lines 240--240
 []|\T1/lmr/m/n/10 0.0895652|
 []


Overfull \hbox (9.01747pt too wide) in paragraph at lines 240--241
 []|\T1/lmr/m/n/10 1606|
 []

[1

{/Users/ahmadshahzad/Library/TinyTeX/texmf-var/fonts/map/pdftex/updmap/pdftex.map}{/Users/ahmadshahzad/Library/TinyTeX/texmf-dist/fonts/enc/dvips/lm/lm-ec.enc}] [2]
LaTeX Font Info:    External font `lmex10' loaded for size
(Font)              <10> on input line 326.
LaTeX Font Info:    External font `lmex10' loaded for size
(Font)              <7> on input line 326.
LaTeX Font Info:    External font `lmex10' loaded for size
(Font)              <5> on input line 326.
LaTeX Font Info:    Trying to load font information for TS1+lmtt on input line 358.
(/Users/ahmadshahzad/Library/TinyTeX/texmf-dist/tex/latex/lm/ts1lmtt.fd
File: ts1lmtt.fd 2015/05/01 v1.6.1 Font defs for Latin Modern
)
Overfull \hbox (19.89023pt too wide) in paragraph at lines 394--395
 []\T1/lmr/m/n/10 instant
 []


Overfull \hbox (15.06174pt too wide) in paragraph at lines 396--397
[]\T1/lmr/m/n/10 dteday  
 []


Overfull \hbox (18.7516pt too wide) in paragraph at lines 398--399
 []\T1/lmr/m/n/10 season
 []


Overfull \hbox (5.27707pt too wide) in paragraph at lines 400--401
 []\T1/lmr/m/n/10 yr
 []


Overfull \hbox (16.52957pt too wide) in paragraph at lines 402--403
 []\T1/lmr/m/n/10 mnth
 []


Overfull \hbox (21.22346pt too wide) in paragraph at lines 404--405
 []\T1/lmr/m/n/10 holiday
 []


Overfull \hbox (26.22366pt too wide) in paragraph at lines 406--407
 []\T1/lmr/m/n/10 weekday
 []


Overfull \hbox (35.64485pt too wide) in paragraph at lines 408--409
 []\T1/lmr/m/n/10 workingday
 []


Overfull \hbox (30.42268pt too wide) in paragraph at lines 410--411
 []\T1/lmr/m/n/10 weathersit
 []


Overfull \hbox (10.4729pt too wide) in paragraph at lines 412--413
 []\T1/lmr/m/n/10 temp
 []


Overfull \hbox (15.4729pt too wide) in paragraph at lines 414--415
 []\T1/lmr/m/n/10 atemp
 []


Overfull \hbox (7.4171pt too wide) in paragraph at lines 416--417
 []\T1/lmr/m/n/10 hum
 []


Overfull \hbox (32.25592pt too wide) in paragraph at lines 418--419
 []\T1/lmr/m/n/10 windspeed
 []


Overfull \hbox (17.58487pt too wide) in paragraph at lines 420--421
 []\T1/lmr/m/n/10 casual
 []


Overfull \hbox (27.95064pt too wide) in paragraph at lines 422--423
 []\T1/lmr/m/n/10 registered
 []


Overfull \hbox (7.08559pt too wide) in paragraph at lines 424--425
 []\T1/lmr/m/n/10 cnt
 []


Overfull \hbox (40.69992pt too wide) in paragraph at lines 426--427
 []\T1/lmr/m/n/10 temp_actual
 []


Overfull \hbox (44.39406pt too wide) in paragraph at lines 428--429
 []\T1/lmr/m/n/10 atemp_actual
 []


Overfull \hbox (38.95pt too wide) in paragraph at lines 430--431
 []\T1/lmr/m/n/10 hum_actual
 []


Overfull \hbox (57.28162pt too wide) in paragraph at lines 432--433
 []\T1/lmr/m/n/10 windspeed_actual
 []


Overfull \hbox (8.95036pt too wide) in paragraph at lines 438--438
[]|\T1/lmr/m/n/10 2011- 
 []


Overfull \hbox (1.08241pt too wide) in paragraph at lines 438--438
 []|\T1/lmr/m/n/10 0|
 []


Overfull \hbox (26.02866pt too wide) in paragraph at lines 438--438
 []|\T1/lmr/m/n/10 0.344167|
 []


Overfull \hbox (26.02866pt too wide) in paragraph at lines 438--438
 []|\T1/lmr/m/n/10 0.363625|
 []


Overfull \hbox (26.02866pt too wide) in paragraph at lines 439--439
 []|\T1/lmr/m/n/10 0.805833|
 []


Overfull \hbox (29.70065pt too wide) in paragraph at lines 439--439
 []|\T1/lmr/m/n/10 0.1604460|
 []


Overfull \hbox (5.86263pt too wide) in paragraph at lines 439--439
 []|\T1/lmr/m/n/10 331|
 []


Overfull \hbox (0.61703pt too wide) in paragraph at lines 439--439
 []|\T1/lmr/m/n/10 654|
 []


Overfull \hbox (8.47437pt too wide) in paragraph at lines 439--439
 []|\T1/lmr/m/n/10 985|
 []


Overfull \hbox (22.08891pt too wide) in paragraph at lines 439--439
 []|\T1/lmr/m/n/10 8.175849|
 []


Overfull \hbox (20.78305pt too wide) in paragraph at lines 439--439
 []|\T1/lmr/m/n/10 7.999250|
 []


Overfull \hbox (18.39479pt too wide) in paragraph at lines 439--439
 []|\T1/lmr/m/n/10 80.5833|
 []


Overfull \hbox (20.55959pt too wide) in paragraph at lines 440--441
 []|\T1/lmr/m/n/10 10.749882|
 []


Overfull \hbox (8.95036pt too wide) in paragraph at lines 441--441
[]|\T1/lmr/m/n/10 2011- 
 []


Overfull \hbox (1.08241pt too wide) in paragraph at lines 441--441
 []|\T1/lmr/m/n/10 0|
 []


Overfull \hbox (26.02866pt too wide) in paragraph at lines 441--441
 []|\T1/lmr/m/n/10 0.363478|
 []


Overfull \hbox (26.02866pt too wide) in paragraph at lines 441--441
 []|\T1/lmr/m/n/10 0.353739|
 []


Overfull \hbox (26.02866pt too wide) in paragraph at lines 442--442
 []|\T1/lmr/m/n/10 0.696087|
 []


Overfull \hbox (29.70065pt too wide) in paragraph at lines 442--442
 []|\T1/lmr/m/n/10 0.2485390|
 []


Overfull \hbox (5.86263pt too wide) in paragraph at lines 442--442
 []|\T1/lmr/m/n/10 131|
 []


Overfull \hbox (0.61703pt too wide) in paragraph at lines 442--442
 []|\T1/lmr/m/n/10 670|
 []


Overfull \hbox (8.47437pt too wide) in paragraph at lines 442--442
 []|\T1/lmr/m/n/10 801|
 []


Overfull \hbox (22.08891pt too wide) in paragraph at lines 442--442
 []|\T1/lmr/m/n/10 9.083466|
 []


Overfull \hbox (20.78305pt too wide) in paragraph at lines 442--442
 []|\T1/lmr/m/n/10 7.346774|
 []


Overfull \hbox (18.39479pt too wide) in paragraph at lines 442--442
 []|\T1/lmr/m/n/10 69.6087|
 []


Overfull \hbox (20.55959pt too wide) in paragraph at lines 443--444
 []|\T1/lmr/m/n/10 16.652113|
 []


Overfull \hbox (8.95036pt too wide) in paragraph at lines 444--444
[]|\T1/lmr/m/n/10 2011- 
 []


Overfull \hbox (1.08241pt too wide) in paragraph at lines 444--444
 []|\T1/lmr/m/n/10 0|
 []


Overfull \hbox (26.02866pt too wide) in paragraph at lines 444--444
 []|\T1/lmr/m/n/10 0.196364|
 []


Overfull \hbox (26.02866pt too wide) in paragraph at lines 444--444
 []|\T1/lmr/m/n/10 0.189405|
 []


Overfull \hbox (26.02866pt too wide) in paragraph at lines 445--445
 []|\T1/lmr/m/n/10 0.437273|
 []


Overfull \hbox (29.70065pt too wide) in paragraph at lines 445--445
 []|\T1/lmr/m/n/10 0.2483090|
 []


Overfull \hbox (5.86263pt too wide) in paragraph at lines 445--445
 []|\T1/lmr/m/n/10 120|
 []


Overfull \hbox (5.61703pt too wide) in paragraph at lines 445--445
 []|\T1/lmr/m/n/10 1229|
 []


Overfull \hbox (13.47437pt too wide) in paragraph at lines 445--445
 []|\T1/lmr/m/n/10 1349|
 []


Overfull \hbox (22.08891pt too wide) in paragraph at lines 445--445
 []|\T1/lmr/m/n/10 1.229108|
 []


Overfull \hbox (20.78305pt too wide) in paragraph at lines 445--445
 \T1/lmr/m/n/10 3.499270|
 []


Overfull \hbox (18.39479pt too wide) in paragraph at lines 446--446
 []|\T1/lmr/m/n/10 43.7273|
 []


Overfull \hbox (20.55959pt too wide) in paragraph at lines 446--447
 []|\T1/lmr/m/n/10 16.636703|
 []


Overfull \hbox (8.95036pt too wide) in paragraph at lines 447--447
[]|\T1/lmr/m/n/10 2011- 
 []


Overfull \hbox (1.08241pt too wide) in paragraph at lines 447--447
 []|\T1/lmr/m/n/10 0|
 []


Overfull \hbox (26.02866pt too wide) in paragraph at lines 447--447
 []|\T1/lmr/m/n/10 0.200000|
 []


Overfull \hbox (26.02866pt too wide) in paragraph at lines 447--447
 []|\T1/lmr/m/n/10 0.212122|
 []


Overfull \hbox (26.02866pt too wide) in paragraph at lines 448--448
 []|\T1/lmr/m/n/10 0.590435|
 []


Overfull \hbox (29.70065pt too wide) in paragraph at lines 448--448
 []|\T1/lmr/m/n/10 0.1602960|
 []


Overfull \hbox (5.86263pt too wide) in paragraph at lines 448--448
 []|\T1/lmr/m/n/10 108|
 []


Overfull \hbox (5.61703pt too wide) in paragraph at lines 448--448
 []|\T1/lmr/m/n/10 1454|
 []


Overfull \hbox (13.47437pt too wide) in paragraph at lines 448--448
 []|\T1/lmr/m/n/10 1562|
 []


Overfull \hbox (22.08891pt too wide) in paragraph at lines 448--448
 []|\T1/lmr/m/n/10 1.400000|
 []


Overfull \hbox (20.78305pt too wide) in paragraph at lines 448--448
 \T1/lmr/m/n/10 1.999948|
 []


Overfull \hbox (18.39479pt too wide) in paragraph at lines 449--449
 []|\T1/lmr/m/n/10 59.0435|
 []


Overfull \hbox (20.55959pt too wide) in paragraph at lines 449--450
 []|\T1/lmr/m/n/10 10.739832|
 []


Overfull \hbox (8.95036pt too wide) in paragraph at lines 450--450
[]|\T1/lmr/m/n/10 2011- 
 []


Overfull \hbox (1.08241pt too wide) in paragraph at lines 450--450
 []|\T1/lmr/m/n/10 0|
 []


Overfull \hbox (26.02866pt too wide) in paragraph at lines 450--450
 []|\T1/lmr/m/n/10 0.226957|
 []


Overfull \hbox (26.02866pt too wide) in paragraph at lines 450--450
 []|\T1/lmr/m/n/10 0.229270|
 []


Overfull \hbox (26.02866pt too wide) in paragraph at lines 451--451
 []|\T1/lmr/m/n/10 0.436957|
 []


Overfull \hbox (29.70065pt too wide) in paragraph at lines 451--451
 []|\T1/lmr/m/n/10 0.1869000|
 []


Overfull \hbox (0.86263pt too wide) in paragraph at lines 451--451
 []|\T1/lmr/m/n/10 82|
 []


Overfull \hbox (5.61703pt too wide) in paragraph at lines 451--451
 []|\T1/lmr/m/n/10 1518|
 []


Overfull \hbox (13.47437pt too wide) in paragraph at lines 451--451
 []|\T1/lmr/m/n/10 1600|
 []


Overfull \hbox (22.08891pt too wide) in paragraph at lines 451--451
 []|\T1/lmr/m/n/10 2.666979|
 []


Overfull \hbox (20.78305pt too wide) in paragraph at lines 451--451
 \T1/lmr/m/n/10 0.868180|
 []


Overfull \hbox (18.39479pt too wide) in paragraph at lines 451--452
 []|\T1/lmr/m/n/10 43.6957|
 []


Overfull \hbox (20.55959pt too wide) in paragraph at lines 452--453
 []|\T1/lmr/m/n/10 12.522300|
 []


Overfull \hbox (8.95036pt too wide) in paragraph at lines 453--453
[]|\T1/lmr/m/n/10 2011- 
 []


Overfull \hbox (1.08241pt too wide) in paragraph at lines 453--453
 []|\T1/lmr/m/n/10 0|
 []


Overfull \hbox (26.02866pt too wide) in paragraph at lines 453--453
 []|\T1/lmr/m/n/10 0.204348|
 []


Overfull \hbox (26.02866pt too wide) in paragraph at lines 453--453
 []|\T1/lmr/m/n/10 0.233209|
 []


Overfull \hbox (26.02866pt too wide) in paragraph at lines 454--454
 []|\T1/lmr/m/n/10 0.518261|
 []


Overfull \hbox (29.70065pt too wide) in paragraph at lines 454--454
 []|\T1/lmr/m/n/10 0.0895652|
 []


Overfull \hbox (0.86263pt too wide) in paragraph at lines 454--454
 []|\T1/lmr/m/n/10 88|
 []


Overfull \hbox (5.61703pt too wide) in paragraph at lines 454--454
 []|\T1/lmr/m/n/10 1518|
 []


Overfull \hbox (13.47437pt too wide) in paragraph at lines 454--454
 []|\T1/lmr/m/n/10 1606|
 []


Overfull \hbox (22.08891pt too wide) in paragraph at lines 454--454
 []|\T1/lmr/m/n/10 1.604356|
 []


Overfull \hbox (20.78305pt too wide) in paragraph at lines 454--454
 \T1/lmr/m/n/10 0.608206|
 []


Overfull \hbox (18.39479pt too wide) in paragraph at lines 454--455
 []|\T1/lmr/m/n/10 51.8261|
 []


Overfull \hbox (15.55959pt too wide) in paragraph at lines 455--456
 []|\T1/lmr/m/n/10 6.000868|
 []

[3{/Users/ahmadshahzad/Library/TinyTeX/texmf-dist/fonts/enc/dvips/lm/lm-rm.enc}{/Users/ahmadshahzad/Library/TinyTeX/texmf-dist/fonts/enc/dvips/lm/lm-mathsy.enc}{/Users/ahmadshahzad/Library/TinyTeX/texmf-dist/fonts/enc/dvips/lm/lm-ts1.enc}] [4]
<project_files/figure-latex/unnamed-chunk-10-1.pdf, id=35, 461.725pt x 315.1775pt>
File: project_files/figure-latex/unnamed-chunk-10-1.pdf Graphic file (type pdf)
<use project_files/figure-latex/unnamed-chunk-10-1.pdf>
Package pdftex.def Info: project_files/figure-latex/unnamed-chunk-10-1.pdf  used on input line 544.
(pdftex.def)             Requested size: 461.72388pt x 315.17673pt.
[5]
LaTeX Font Info:    Trying to load font information for TS1+lmr on input line 548.
(/Users/ahmadshahzad/Library/TinyTeX/texmf-dist/tex/latex/lm/ts1lmr.fd
File: ts1lmr.fd 2015/05/01 v1.6.1 Font defs for Latin Modern
) [6 <./project_files/figure-latex/unnamed-chunk-10-1.pdf>]
<project_files/figure-latex/unnamed-chunk-11-1.pdf, id=55, 463.7325pt x 315.1775pt>
File: project_files/figure-latex/unnamed-chunk-11-1.pdf Graphic file (type pdf)
<use project_files/figure-latex/unnamed-chunk-11-1.pdf>
Package pdftex.def Info: project_files/figure-latex/unnamed-chunk-11-1.pdf  used on input line 607.
(pdftex.def)             Requested size: 463.73842pt x 315.18153pt.
[7 <./project_files/figure-latex/unnamed-chunk-11-1.pdf>]
<project_files/figure-latex/unnamed-chunk-12-1.pdf, id=72, 851.18pt x 710.655pt>
File: project_files/figure-latex/unnamed-chunk-12-1.pdf Graphic file (type pdf)
<use project_files/figure-latex/unnamed-chunk-12-1.pdf>
Package pdftex.def Info: project_files/figure-latex/unnamed-chunk-12-1.pdf  used on input line 645.
(pdftex.def)             Requested size: 469.76094pt x 392.20607pt.
[8]
<project_files/figure-latex/unnamed-chunk-12-2.pdf, id=77, 851.18pt x 710.655pt>
File: project_files/figure-latex/unnamed-chunk-12-2.pdf Graphic file (type pdf)
<use project_files/figure-latex/unnamed-chunk-12-2.pdf>
Package pdftex.def Info: project_files/figure-latex/unnamed-chunk-12-2.pdf  used on input line 660.
(pdftex.def)             Requested size: 469.76094pt x 392.20607pt.
[9 <./project_files/figure-latex/unnamed-chunk-12-1.pdf>]
<project_files/figure-latex/correlation-heatmap-1.pdf, id=93, 851.18pt x 710.655pt>
File: project_files/figure-latex/correlation-heatmap-1.pdf Graphic file (type pdf)
<use project_files/figure-latex/correlation-heatmap-1.pdf>
Package pdftex.def Info: project_files/figure-latex/correlation-heatmap-1.pdf  used on input line 687.
(pdftex.def)             Requested size: 469.76094pt x 392.20607pt.
[10 <./project_files/figure-latex/unnamed-chunk-12-2.pdf>]
<project_files/figure-latex/unnamed-chunk-13-1.pdf, id=109, 459.7175pt x 312.16624pt>
File: project_files/figure-latex/unnamed-chunk-13-1.pdf Graphic file (type pdf)
<use project_files/figure-latex/unnamed-chunk-13-1.pdf>
Package pdftex.def Info: project_files/figure-latex/unnamed-chunk-13-1.pdf  used on input line 705.
(pdftex.def)             Requested size: 459.72337pt x 312.17024pt.
[11 <./project_files/figure-latex/correlation-heatmap-1.pdf>]
<project_files/figure-latex/unnamed-chunk-14-1.pdf, id=123, 857.2025pt x 709.65125pt>
File: project_files/figure-latex/unnamed-chunk-14-1.pdf Graphic file (type pdf)
<use project_files/figure-latex/unnamed-chunk-14-1.pdf>
Package pdftex.def Info: project_files/figure-latex/unnamed-chunk-14-1.pdf  used on input line 726.
(pdftex.def)             Requested size: 469.74937pt x 388.89087pt.
[12 <./project_files/figure-latex/unnamed-chunk-13-1.pdf>]
<project_files/figure-latex/unnamed-chunk-15-1.pdf, id=136, 459.7175pt x 312.16624pt>
File: project_files/figure-latex/unnamed-chunk-15-1.pdf Graphic file (type pdf)
<use project_files/figure-latex/unnamed-chunk-15-1.pdf>
Package pdftex.def Info: project_files/figure-latex/unnamed-chunk-15-1.pdf  used on input line 745.
(pdftex.def)             Requested size: 459.72337pt x 312.17024pt.
[13 <./project_files/figure-latex/unnamed-chunk-14-1.pdf>]

! LaTeX Error: Unicode character − (U+2212)
               not set up for use with LaTeX.

See the LaTeX manual or LaTeX Companion for explanation.
Type  H <return>  for immediate help.
 ...                                              
                                                  
l.781   (3.106×10\^{}−
                         17). 
Here is how much of TeX's memory you used:
 11710 strings out of 476227
 183981 string characters out of 5795350
 1967555 words of memory out of 5000000
 33452 multiletter control sequences out of 15000+600000
 606400 words of font info for 82 fonts, out of 8000000 for 9000
 14 hyphenation exceptions out of 8191
 75i,7n,79p,591b,590s stack positions out of 10000i,1000n,20000p,200000b,200000s

!  ==> Fatal error occurred, no output PDF file produced!
